  serverplugin_empty.cpp
D:\Projects\csgo_plugin\hl2sdk-csgo\public\tier1\bitbuf.h(1228,4): warning C4456: declaration of 'ret' hides previous local declaration
D:\Projects\csgo_plugin\hl2sdk-csgo\public\tier1\bitbuf.h(1223,15): message : see declaration of 'ret'
D:\Projects\csgo_plugin\hl2sdk-csgo\public\tier1\bitbuf.h(1233,4): warning C4456: declaration of 'ret' hides previous local declaration
D:\Projects\csgo_plugin\hl2sdk-csgo\public\tier1\bitbuf.h(1223,15): message : see declaration of 'ret'
D:\Projects\csgo_plugin\hl2sdk-csgo\public\tier1\bitbuf.h(1237,4): warning C4456: declaration of 'ret' hides previous local declaration
D:\Projects\csgo_plugin\hl2sdk-csgo\public\tier1\bitbuf.h(1223,15): message : see declaration of 'ret'
C:\Program Files\Microsoft Visual Studio\2022\Community\VC\Tools\MSVC\14.34.31933\include\stdint.h(49,1): warning C4005: 'INT8_MIN': macro redefinition
D:\Projects\csgo_plugin\hl2sdk-csgo\public\tier0\platform.h(312,1): message : see previous definition of 'INT8_MIN'
C:\Program Files\Microsoft Visual Studio\2022\Community\VC\Tools\MSVC\14.34.31933\include\stdint.h(50,1): warning C4005: 'INT16_MIN': macro redefinition
D:\Projects\csgo_plugin\hl2sdk-csgo\public\tier0\platform.h(315,1): message : see previous definition of 'INT16_MIN'
C:\Program Files\Microsoft Visual Studio\2022\Community\VC\Tools\MSVC\14.34.31933\include\stdint.h(51,1): warning C4005: 'INT32_MIN': macro redefinition
D:\Projects\csgo_plugin\hl2sdk-csgo\public\tier0\platform.h(318,1): message : see previous definition of 'INT32_MIN'
C:\Program Files\Microsoft Visual Studio\2022\Community\VC\Tools\MSVC\14.34.31933\include\stdint.h(52,1): warning C4005: 'INT64_MIN': macro redefinition
D:\Projects\csgo_plugin\hl2sdk-csgo\public\tier0\platform.h(321,1): message : see previous definition of 'INT64_MIN'
C:\Program Files\Microsoft Visual Studio\2022\Community\VC\Tools\MSVC\14.34.31933\include\stdint.h(53,1): warning C4005: 'INT8_MAX': macro redefinition
D:\Projects\csgo_plugin\hl2sdk-csgo\public\tier0\platform.h(299,1): message : see previous definition of 'INT8_MAX'
C:\Program Files\Microsoft Visual Studio\2022\Community\VC\Tools\MSVC\14.34.31933\include\stdint.h(54,1): warning C4005: 'INT16_MAX': macro redefinition
D:\Projects\csgo_plugin\hl2sdk-csgo\public\tier0\platform.h(302,1): message : see previous definition of 'INT16_MAX'
C:\Program Files\Microsoft Visual Studio\2022\Community\VC\Tools\MSVC\14.34.31933\include\stdint.h(55,1): warning C4005: 'INT32_MAX': macro redefinition
D:\Projects\csgo_plugin\hl2sdk-csgo\public\tier0\platform.h(305,1): message : see previous definition of 'INT32_MAX'
C:\Program Files\Microsoft Visual Studio\2022\Community\VC\Tools\MSVC\14.34.31933\include\stdint.h(56,1): warning C4005: 'INT64_MAX': macro redefinition
D:\Projects\csgo_plugin\hl2sdk-csgo\public\tier0\platform.h(308,1): message : see previous definition of 'INT64_MAX'
C:\Program Files\Microsoft Visual Studio\2022\Community\VC\Tools\MSVC\14.34.31933\include\stdint.h(57,1): warning C4005: 'UINT8_MAX': macro redefinition
D:\Projects\csgo_plugin\hl2sdk-csgo\public\tier0\platform.h(325,1): message : see previous definition of 'UINT8_MAX'
C:\Program Files\Microsoft Visual Studio\2022\Community\VC\Tools\MSVC\14.34.31933\include\stdint.h(58,1): warning C4005: 'UINT16_MAX': macro redefinition
D:\Projects\csgo_plugin\hl2sdk-csgo\public\tier0\platform.h(328,1): message : see previous definition of 'UINT16_MAX'
C:\Program Files\Microsoft Visual Studio\2022\Community\VC\Tools\MSVC\14.34.31933\include\stdint.h(59,1): warning C4005: 'UINT32_MAX': macro redefinition
D:\Projects\csgo_plugin\hl2sdk-csgo\public\tier0\platform.h(331,1): message : see previous definition of 'UINT32_MAX'
D:\Projects\csgo_plugin\hl2sdk-csgo\utils\serverplugin_sample\serverplugin_empty.cpp(72,25): warning C4189: 'weapon': local variable is initialized but not referenced
D:\Projects\csgo_plugin\hl2sdk-csgo\utils\serverplugin_sample\serverplugin_empty.cpp(70,25): warning C4189: 'attackerName': local variable is initialized but not referenced
D:\Projects\csgo_plugin\hl2sdk-csgo\utils\serverplugin_sample\serverplugin_empty.cpp(68,17): warning C4189: 'attacker': local variable is initialized but not referenced
D:\Projects\csgo_plugin\hl2sdk-csgo\utils\serverplugin_sample\serverplugin_empty.cpp(66,25): warning C4189: 'victimName': local variable is initialized but not referenced
D:\Projects\csgo_plugin\hl2sdk-csgo\utils\serverplugin_sample\serverplugin_empty.cpp(64,17): warning C4189: 'victim': local variable is initialized but not referenced
  serverplugin_sample.vcxproj -> D:\Projects\csgo_plugin\hl2sdk-csgo\utils\serverplugin_sample\Debug\serverplugin_empty.dll
